<?xml version="1.0" encoding="UTF-8"?>
<!-- Generated by org.testng.reporters.JUnitXMLReporter -->
<testsuite ignored="0" hostname="LAPTOP-9JB0BLCJ" failures="1" tests="5" name="Test" time="8.237" errors="0" timestamp="2025-05-18T11:48:09 CDT">
  <testcase classname="api.test.UserTests" name="testPostUser" time="3.815"/>
  <testcase classname="api.test.UserTests" name="testGetUserByusername" time="0.735"/>
  <testcase classname="api.test.UserTests" name="testupdateUserByusername" time="0.808"/>
  <testcase classname="api.test.UserTests" name="testdeleteUserByusername" time="0.811"/>
  <testcase classname="api.test.UserTests" name="testPostUserWithArray" time="0.626">
    <failure type="java.lang.AssertionError" message="expected [200] but found [500]">
      <![CDATA[java.lang.AssertionError: expected [200] but found [500]
at api.test.UserTests.testPostUserWithArray(UserTests.java:107)
at java.base/java.util.ArrayList.forEach(ArrayList.java:1596)
... Removed 32 stack frames]]>
    </failure>
  </testcase> <!-- testPostUserWithArray -->
</testsuite> <!-- Test -->
