<?xml version="1.0" encoding="UTF-8"?>
<!-- Generated by org.testng.reporters.JUnitXMLReporter -->
<testsuite ignored="0" hostname="LAPTOP-9JB0BLCJ" failures="1" tests="5" name="Test" time="7.529" errors="0" timestamp="2025-05-16T14:04:14 CDT">
  <testcase classname="api.test.UserTests" name="testPostUser" time="3.402"/>
  <testcase classname="api.test.UserTests" name="testGetUserByusername" time="0.713"/>
  <testcase classname="api.test.UserTests" name="testupdateUserByusername" time="0.811"/>
  <testcase classname="api.test.UserTests" name="testdeleteUserByusername" time="0.699"/>
  <testcase classname="api.test.UserTests" name="testPostUserWithArray" time="0.468">
    <failure type="java.lang.AssertionError" message="expected [200] but found [500]">
      <![CDATA[java.lang.AssertionError: expected [200] but found [500]
at api.test.UserTests.testPostUserWithArray(UserTests.java:105)
at java.base/java.util.ArrayList.forEach(ArrayList.java:1596)
... Removed 36 stack frames]]>
    </failure>
  </testcase> <!-- testPostUserWithArray -->
</testsuite> <!-- Test -->
